/home/ashwinlokkur/.local/lib/python2.7/site-packages/matplotlib/pyplot.py:523: RuntimeWarning: More than 20 figures have been opened. Figures created through the pyplot interface (`matplotlib.pyplot.figure`) are retained until explicitly closed and may consume too much memory. (To control this warning, see the rcParam `figure.max_open_warning`).
  max_open_warning, RuntimeWarning)
/home/ashwinlokkur/.local/lib/python2.7/site-packages/matplotlib/pyplot.py:523: RuntimeWarning: More than 20 figures have been opened. Figures created through the pyplot interface (`matplotlib.pyplot.figure`) are retained until explicitly closed and may consume too much memory. (To control this warning, see the rcParam `figure.max_open_warning`).
  max_open_warning, RuntimeWarning)
/home/ashwinlokkur/.local/lib/python2.7/site-packages/matplotlib/pyplot.py:523: RuntimeWarning: More than 20 figures have been opened. Figures created through the pyplot interface (`matplotlib.pyplot.figure`) are retained until explicitly closed and may consume too much memory. (To control this warning, see the rcParam `figure.max_open_warning`).
  max_open_warning, RuntimeWarning)
/home/ashwinlokkur/.local/lib/python2.7/site-packages/matplotlib/pyplot.py:523: RuntimeWarning: More than 20 figures have been opened. Figures created through the pyplot interface (`matplotlib.pyplot.figure`) are retained until explicitly closed and may consume too much memory. (To control this warning, see the rcParam `figure.max_open_warning`).
  max_open_warning, RuntimeWarning)
Traceback (most recent call last):
  File "liver_trace1.py", line 143, in <module>
    result = find_tumor(img)
  File "liver_trace1.py", line 114, in find_tumor
    big_tumor_contour, mask_tumors = find_biggest_contour(mask_clean)
  File "liver_trace1.py", line 37, in find_biggest_contour
    biggest_contour = max(contour_sizes, key=lambda x: x[0])[1]
ValueError: max() arg is an empty sequence
/home/ashwinlokkur/.local/lib/python2.7/site-packages/matplotlib/pyplot.py:523: RuntimeWarning: More than 20 figures have been opened. Figures created through the pyplot interface (`matplotlib.pyplot.figure`) are retained until explicitly closed and may consume too much memory. (To control this warning, see the rcParam `figure.max_open_warning`).
  max_open_warning, RuntimeWarning)
/home/ashwinlokkur/.local/lib/python2.7/site-packages/matplotlib/pyplot.py:523: RuntimeWarning: More than 20 figures have been opened. Figures created through the pyplot interface (`matplotlib.pyplot.figure`) are retained until explicitly closed and may consume too much memory. (To control this warning, see the rcParam `figure.max_open_warning`).
  max_open_warning, RuntimeWarning)
/home/ashwinlokkur/.local/lib/python2.7/site-packages/matplotlib/pyplot.py:523: RuntimeWarning: More than 20 figures have been opened. Figures created through the pyplot interface (`matplotlib.pyplot.figure`) are retained until explicitly closed and may consume too much memory. (To control this warning, see the rcParam `figure.max_open_warning`).
  max_open_warning, RuntimeWarning)
/home/ashwinlokkur/.local/lib/python2.7/site-packages/matplotlib/pyplot.py:523: RuntimeWarning: More than 20 figures have been opened. Figures created through the pyplot interface (`matplotlib.pyplot.figure`) are retained until explicitly closed and may consume too much memory. (To control this warning, see the rcParam `figure.max_open_warning`).
  max_open_warning, RuntimeWarning)
/home/ashwinlokkur/.local/lib/python2.7/site-packages/matplotlib/pyplot.py:523: RuntimeWarning: More than 20 figures have been opened. Figures created through the pyplot interface (`matplotlib.pyplot.figure`) are retained until explicitly closed and may consume too much memory. (To control this warning, see the rcParam `figure.max_open_warning`).
  max_open_warning, RuntimeWarning)
/home/ashwinlokkur/.local/lib/python2.7/site-packages/matplotlib/pyplot.py:523: RuntimeWarning: More than 20 figures have been opened. Figures created through the pyplot interface (`matplotlib.pyplot.figure`) are retained until explicitly closed and may consume too much memory. (To control this warning, see the rcParam `figure.max_open_warning`).
  max_open_warning, RuntimeWarning)
/home/ashwinlokkur/.local/lib/python2.7/site-packages/matplotlib/pyplot.py:523: RuntimeWarning: More than 20 figures have been opened. Figures created through the pyplot interface (`matplotlib.pyplot.figure`) are retained until explicitly closed and may consume too much memory. (To control this warning, see the rcParam `figure.max_open_warning`).
  max_open_warning, RuntimeWarning)
Traceback (most recent call last):
  File "liver_trace1.py", line 143, in <module>
    result = find_tumor(img)
  File "liver_trace1.py", line 114, in find_tumor
    big_tumor_contour, mask_tumors = find_biggest_contour(mask_clean)
  File "liver_trace1.py", line 37, in find_biggest_contour
    biggest_contour = max(contour_sizes, key=lambda x: x[0])[1]
ValueError: max() arg is an empty sequence
/home/ashwinlokkur/.local/lib/python2.7/site-packages/matplotlib/pyplot.py:523: RuntimeWarning: More than 20 figures have been opened. Figures created through the pyplot interface (`matplotlib.pyplot.figure`) are retained until explicitly closed and may consume too much memory. (To control this warning, see the rcParam `figure.max_open_warning`).
  max_open_warning, RuntimeWarning)
/home/ashwinlokkur/.local/lib/python2.7/site-packages/matplotlib/pyplot.py:523: RuntimeWarning: More than 20 figures have been opened. Figures created through the pyplot interface (`matplotlib.pyplot.figure`) are retained until explicitly closed and may consume too much memory. (To control this warning, see the rcParam `figure.max_open_warning`).
  max_open_warning, RuntimeWarning)
/home/ashwinlokkur/.local/lib/python2.7/site-packages/matplotlib/pyplot.py:523: RuntimeWarning: More than 20 figures have been opened. Figures created through the pyplot interface (`matplotlib.pyplot.figure`) are retained until explicitly closed and may consume too much memory. (To control this warning, see the rcParam `figure.max_open_warning`).
  max_open_warning, RuntimeWarning)
rm: cannot remove 'JHS/*.jpg': No such file or directory
/home/ashwinlokkur/.local/lib/python2.7/site-packages/matplotlib/pyplot.py:523: RuntimeWarning: More than 20 figures have been opened. Figures created through the pyplot interface (`matplotlib.pyplot.figure`) are retained until explicitly closed and may consume too much memory. (To control this warning, see the rcParam `figure.max_open_warning`).
  max_open_warning, RuntimeWarning)
/home/ashwinlokkur/.local/lib/python2.7/site-packages/matplotlib/pyplot.py:523: RuntimeWarning: More than 20 figures have been opened. Figures created through the pyplot interface (`matplotlib.pyplot.figure`) are retained until explicitly closed and may consume too much memory. (To control this warning, see the rcParam `figure.max_open_warning`).
  max_open_warning, RuntimeWarning)
/home/ashwinlokkur/.local/lib/python2.7/site-packages/matplotlib/pyplot.py:523: RuntimeWarning: More than 20 figures have been opened. Figures created through the pyplot interface (`matplotlib.pyplot.figure`) are retained until explicitly closed and may consume too much memory. (To control this warning, see the rcParam `figure.max_open_warning`).
  max_open_warning, RuntimeWarning)
/home/ashwinlokkur/.local/lib/python2.7/site-packages/matplotlib/pyplot.py:523: RuntimeWarning: More than 20 figures have been opened. Figures created through the pyplot interface (`matplotlib.pyplot.figure`) are retained until explicitly closed and may consume too much memory. (To control this warning, see the rcParam `figure.max_open_warning`).
  max_open_warning, RuntimeWarning)
rm: cannot remove 'JHS/*.jpg': No such file or directory
rm: cannot remove 'Liver_OP/*.jpg': No such file or directory
rm: cannot remove 'Tumor_OP/*.jpg': No such file or directory
rm: cannot remove 'OP/*.jpg': No such file or directory
rm: cannot remove 'OP_OG/*.jpg': No such file or directory
/home/ashwinlokkur/.local/lib/python2.7/site-packages/matplotlib/pyplot.py:523: RuntimeWarning: More than 20 figures have been opened. Figures created through the pyplot interface (`matplotlib.pyplot.figure`) are retained until explicitly closed and may consume too much memory. (To control this warning, see the rcParam `figure.max_open_warning`).
  max_open_warning, RuntimeWarning)
/home/ashwinlokkur/.local/lib/python2.7/site-packages/matplotlib/pyplot.py:523: RuntimeWarning: More than 20 figures have been opened. Figures created through the pyplot interface (`matplotlib.pyplot.figure`) are retained until explicitly closed and may consume too much memory. (To control this warning, see the rcParam `figure.max_open_warning`).
  max_open_warning, RuntimeWarning)
/home/ashwinlokkur/.local/lib/python2.7/site-packages/matplotlib/pyplot.py:523: RuntimeWarning: More than 20 figures have been opened. Figures created through the pyplot interface (`matplotlib.pyplot.figure`) are retained until explicitly closed and may consume too much memory. (To control this warning, see the rcParam `figure.max_open_warning`).
  max_open_warning, RuntimeWarning)
/home/ashwinlokkur/.local/lib/python2.7/site-packages/matplotlib/pyplot.py:523: RuntimeWarning: More than 20 figures have been opened. Figures created through the pyplot interface (`matplotlib.pyplot.figure`) are retained until explicitly closed and may consume too much memory. (To control this warning, see the rcParam `figure.max_open_warning`).
  max_open_warning, RuntimeWarning)
/home/ashwinlokkur/.local/lib/python2.7/site-packages/matplotlib/pyplot.py:523: RuntimeWarning: More than 20 figures have been opened. Figures created through the pyplot interface (`matplotlib.pyplot.figure`) are retained until explicitly closed and may consume too much memory. (To control this warning, see the rcParam `figure.max_open_warning`).
  max_open_warning, RuntimeWarning)
/home/ashwinlokkur/.local/lib/python2.7/site-packages/matplotlib/pyplot.py:523: RuntimeWarning: More than 20 figures have been opened. Figures created through the pyplot interface (`matplotlib.pyplot.figure`) are retained until explicitly closed and may consume too much memory. (To control this warning, see the rcParam `figure.max_open_warning`).
  max_open_warning, RuntimeWarning)
/home/ashwinlokkur/.local/lib/python2.7/site-packages/matplotlib/pyplot.py:523: RuntimeWarning: More than 20 figures have been opened. Figures created through the pyplot interface (`matplotlib.pyplot.figure`) are retained until explicitly closed and may consume too much memory. (To control this warning, see the rcParam `figure.max_open_warning`).
  max_open_warning, RuntimeWarning)
/home/ashwinlokkur/.local/lib/python2.7/site-packages/matplotlib/pyplot.py:523: RuntimeWarning: More than 20 figures have been opened. Figures created through the pyplot interface (`matplotlib.pyplot.figure`) are retained until explicitly closed and may consume too much memory. (To control this warning, see the rcParam `figure.max_open_warning`).
  max_open_warning, RuntimeWarning)
/home/ashwinlokkur/.local/lib/python2.7/site-packages/matplotlib/pyplot.py:523: RuntimeWarning: More than 20 figures have been opened. Figures created through the pyplot interface (`matplotlib.pyplot.figure`) are retained until explicitly closed and may consume too much memory. (To control this warning, see the rcParam `figure.max_open_warning`).
  max_open_warning, RuntimeWarning)
Traceback (most recent call last):
  File "liver_trace1.py", line 143, in <module>
    result = find_tumor(img)
  File "liver_trace1.py", line 114, in find_tumor
    big_tumor_contour, mask_tumors = find_biggest_contour(mask_clean)
  File "liver_trace1.py", line 37, in find_biggest_contour
    biggest_contour = max(contour_sizes, key=lambda x: x[0])[1]
ValueError: max() arg is an empty sequence
/home/ashwinlokkur/.local/lib/python2.7/site-packages/matplotlib/pyplot.py:523: RuntimeWarning: More than 20 figures have been opened. Figures created through the pyplot interface (`matplotlib.pyplot.figure`) are retained until explicitly closed and may consume too much memory. (To control this warning, see the rcParam `figure.max_open_warning`).
  max_open_warning, RuntimeWarning)
rm: cannot remove 'JHS/*.jpg': No such file or directory
rm: cannot remove 'Liver_OP/*.jpg': No such file or directory
rm: cannot remove 'Tumor_OP/*.jpg': No such file or directory
rm: cannot remove 'OP/*.jpg': No such file or directory
rm: cannot remove 'OP_OG/*.jpg': No such file or directory
rm: cannot remove 'JHS/*.jpg': No such file or directory
rm: cannot remove 'Liver_OP/*.jpg': No such file or directory
rm: cannot remove 'Tumor_OP/*.jpg': No such file or directory
rm: cannot remove 'OP/*.jpg': No such file or directory
rm: cannot remove 'OP_OG/*.jpg': No such file or directory
/home/ashwinlokkur/.local/lib/python2.7/site-packages/matplotlib/pyplot.py:523: RuntimeWarning: More than 20 figures have been opened. Figures created through the pyplot interface (`matplotlib.pyplot.figure`) are retained until explicitly closed and may consume too much memory. (To control this warning, see the rcParam `figure.max_open_warning`).
  max_open_warning, RuntimeWarning)
/home/ashwinlokkur/.local/lib/python2.7/site-packages/matplotlib/pyplot.py:523: RuntimeWarning: More than 20 figures have been opened. Figures created through the pyplot interface (`matplotlib.pyplot.figure`) are retained until explicitly closed and may consume too much memory. (To control this warning, see the rcParam `figure.max_open_warning`).
  max_open_warning, RuntimeWarning)
/home/ashwinlokkur/.local/lib/python2.7/site-packages/matplotlib/pyplot.py:523: RuntimeWarning: More than 20 figures have been opened. Figures created through the pyplot interface (`matplotlib.pyplot.figure`) are retained until explicitly closed and may consume too much memory. (To control this warning, see the rcParam `figure.max_open_warning`).
  max_open_warning, RuntimeWarning)
/home/ashwinlokkur/.local/lib/python2.7/site-packages/matplotlib/pyplot.py:523: RuntimeWarning: More than 20 figures have been opened. Figures created through the pyplot interface (`matplotlib.pyplot.figure`) are retained until explicitly closed and may consume too much memory. (To control this warning, see the rcParam `figure.max_open_warning`).
  max_open_warning, RuntimeWarning)
/home/ashwinlokkur/.local/lib/python2.7/site-packages/matplotlib/pyplot.py:523: RuntimeWarning: More than 20 figures have been opened. Figures created through the pyplot interface (`matplotlib.pyplot.figure`) are retained until explicitly closed and may consume too much memory. (To control this warning, see the rcParam `figure.max_open_warning`).
  max_open_warning, RuntimeWarning)
/home/ashwinlokkur/.local/lib/python2.7/site-packages/matplotlib/pyplot.py:523: RuntimeWarning: More than 20 figures have been opened. Figures created through the pyplot interface (`matplotlib.pyplot.figure`) are retained until explicitly closed and may consume too much memory. (To control this warning, see the rcParam `figure.max_open_warning`).
  max_open_warning, RuntimeWarning)
/home/ashwinlokkur/.local/lib/python2.7/site-packages/matplotlib/pyplot.py:523: RuntimeWarning: More than 20 figures have been opened. Figures created through the pyplot interface (`matplotlib.pyplot.figure`) are retained until explicitly closed and may consume too much memory. (To control this warning, see the rcParam `figure.max_open_warning`).
  max_open_warning, RuntimeWarning)
/home/ashwinlokkur/.local/lib/python2.7/site-packages/matplotlib/pyplot.py:523: RuntimeWarning: More than 20 figures have been opened. Figures created through the pyplot interface (`matplotlib.pyplot.figure`) are retained until explicitly closed and may consume too much memory. (To control this warning, see the rcParam `figure.max_open_warning`).
  max_open_warning, RuntimeWarning)
rm: cannot remove 'JHS/*.jpg': No such file or directory
rm: cannot remove 'Liver_OP/*.jpg': No such file or directory
rm: cannot remove 'Tumor_OP/*.jpg': No such file or directory
rm: cannot remove 'OP/*.jpg': No such file or directory
rm: cannot remove 'OP_OG/*.jpg': No such file or directory
/home/ashwinlokkur/.local/lib/python2.7/site-packages/matplotlib/pyplot.py:523: RuntimeWarning: More than 20 figures have been opened. Figures created through the pyplot interface (`matplotlib.pyplot.figure`) are retained until explicitly closed and may consume too much memory. (To control this warning, see the rcParam `figure.max_open_warning`).
  max_open_warning, RuntimeWarning)
/home/ashwinlokkur/.local/lib/python2.7/site-packages/matplotlib/pyplot.py:523: RuntimeWarning: More than 20 figures have been opened. Figures created through the pyplot interface (`matplotlib.pyplot.figure`) are retained until explicitly closed and may consume too much memory. (To control this warning, see the rcParam `figure.max_open_warning`).
  max_open_warning, RuntimeWarning)
/home/ashwinlokkur/.local/lib/python2.7/site-packages/matplotlib/pyplot.py:523: RuntimeWarning: More than 20 figures have been opened. Figures created through the pyplot interface (`matplotlib.pyplot.figure`) are retained until explicitly closed and may consume too much memory. (To control this warning, see the rcParam `figure.max_open_warning`).
  max_open_warning, RuntimeWarning)
/home/ashwinlokkur/.local/lib/python2.7/site-packages/matplotlib/pyplot.py:523: RuntimeWarning: More than 20 figures have been opened. Figures created through the pyplot interface (`matplotlib.pyplot.figure`) are retained until explicitly closed and may consume too much memory. (To control this warning, see the rcParam `figure.max_open_warning`).
  max_open_warning, RuntimeWarning)
/home/ashwinlokkur/.local/lib/python2.7/site-packages/matplotlib/pyplot.py:523: RuntimeWarning: More than 20 figures have been opened. Figures created through the pyplot interface (`matplotlib.pyplot.figure`) are retained until explicitly closed and may consume too much memory. (To control this warning, see the rcParam `figure.max_open_warning`).
  max_open_warning, RuntimeWarning)
/home/ashwinlokkur/.local/lib/python2.7/site-packages/matplotlib/pyplot.py:523: RuntimeWarning: More than 20 figures have been opened. Figures created through the pyplot interface (`matplotlib.pyplot.figure`) are retained until explicitly closed and may consume too much memory. (To control this warning, see the rcParam `figure.max_open_warning`).
  max_open_warning, RuntimeWarning)
/home/ashwinlokkur/.local/lib/python2.7/site-packages/matplotlib/pyplot.py:523: RuntimeWarning: More than 20 figures have been opened. Figures created through the pyplot interface (`matplotlib.pyplot.figure`) are retained until explicitly closed and may consume too much memory. (To control this warning, see the rcParam `figure.max_open_warning`).
  max_open_warning, RuntimeWarning)
/home/ashwinlokkur/.local/lib/python2.7/site-packages/matplotlib/pyplot.py:523: RuntimeWarning: More than 20 figures have been opened. Figures created through the pyplot interface (`matplotlib.pyplot.figure`) are retained until explicitly closed and may consume too much memory. (To control this warning, see the rcParam `figure.max_open_warning`).
  max_open_warning, RuntimeWarning)
/home/ashwinlokkur/.local/lib/python2.7/site-packages/matplotlib/pyplot.py:523: RuntimeWarning: More than 20 figures have been opened. Figures created through the pyplot interface (`matplotlib.pyplot.figure`) are retained until explicitly closed and may consume too much memory. (To control this warning, see the rcParam `figure.max_open_warning`).
  max_open_warning, RuntimeWarning)
/home/ashwinlokkur/.local/lib/python2.7/site-packages/matplotlib/pyplot.py:523: RuntimeWarning: More than 20 figures have been opened. Figures created through the pyplot interface (`matplotlib.pyplot.figure`) are retained until explicitly closed and may consume too much memory. (To control this warning, see the rcParam `figure.max_open_warning`).
  max_open_warning, RuntimeWarning)
/home/ashwinlokkur/.local/lib/python2.7/site-packages/matplotlib/pyplot.py:523: RuntimeWarning: More than 20 figures have been opened. Figures created through the pyplot interface (`matplotlib.pyplot.figure`) are retained until explicitly closed and may consume too much memory. (To control this warning, see the rcParam `figure.max_open_warning`).
  max_open_warning, RuntimeWarning)
/home/ashwinlokkur/.local/lib/python2.7/site-packages/matplotlib/pyplot.py:523: RuntimeWarning: More than 20 figures have been opened. Figures created through the pyplot interface (`matplotlib.pyplot.figure`) are retained until explicitly closed and may consume too much memory. (To control this warning, see the rcParam `figure.max_open_warning`).
  max_open_warning, RuntimeWarning)
/home/ashwinlokkur/.local/lib/python2.7/site-packages/matplotlib/pyplot.py:523: RuntimeWarning: More than 20 figures have been opened. Figures created through the pyplot interface (`matplotlib.pyplot.figure`) are retained until explicitly closed and may consume too much memory. (To control this warning, see the rcParam `figure.max_open_warning`).
  max_open_warning, RuntimeWarning)
/home/ashwinlokkur/.local/lib/python2.7/site-packages/matplotlib/pyplot.py:523: RuntimeWarning: More than 20 figures have been opened. Figures created through the pyplot interface (`matplotlib.pyplot.figure`) are retained until explicitly closed and may consume too much memory. (To control this warning, see the rcParam `figure.max_open_warning`).
  max_open_warning, RuntimeWarning)
/home/ashwinlokkur/.local/lib/python2.7/site-packages/matplotlib/pyplot.py:523: RuntimeWarning: More than 20 figures have been opened. Figures created through the pyplot interface (`matplotlib.pyplot.figure`) are retained until explicitly closed and may consume too much memory. (To control this warning, see the rcParam `figure.max_open_warning`).
  max_open_warning, RuntimeWarning)
/home/ashwinlokkur/.local/lib/python2.7/site-packages/matplotlib/pyplot.py:523: RuntimeWarning: More than 20 figures have been opened. Figures created through the pyplot interface (`matplotlib.pyplot.figure`) are retained until explicitly closed and may consume too much memory. (To control this warning, see the rcParam `figure.max_open_warning`).
  max_open_warning, RuntimeWarning)
/home/ashwinlokkur/.local/lib/python2.7/site-packages/matplotlib/pyplot.py:523: RuntimeWarning: More than 20 figures have been opened. Figures created through the pyplot interface (`matplotlib.pyplot.figure`) are retained until explicitly closed and may consume too much memory. (To control this warning, see the rcParam `figure.max_open_warning`).
  max_open_warning, RuntimeWarning)
/home/ashwinlokkur/.local/lib/python2.7/site-packages/matplotlib/pyplot.py:523: RuntimeWarning: More than 20 figures have been opened. Figures created through the pyplot interface (`matplotlib.pyplot.figure`) are retained until explicitly closed and may consume too much memory. (To control this warning, see the rcParam `figure.max_open_warning`).
  max_open_warning, RuntimeWarning)
/home/ashwinlokkur/.local/lib/python2.7/site-packages/matplotlib/pyplot.py:523: RuntimeWarning: More than 20 figures have been opened. Figures created through the pyplot interface (`matplotlib.pyplot.figure`) are retained until explicitly closed and may consume too much memory. (To control this warning, see the rcParam `figure.max_open_warning`).
  max_open_warning, RuntimeWarning)
/home/ashwinlokkur/.local/lib/python2.7/site-packages/matplotlib/pyplot.py:523: RuntimeWarning: More than 20 figures have been opened. Figures created through the pyplot interface (`matplotlib.pyplot.figure`) are retained until explicitly closed and may consume too much memory. (To control this warning, see the rcParam `figure.max_open_warning`).
  max_open_warning, RuntimeWarning)
